<?xml version="1.0" encoding="UTF-8"?>
<testng-results ignored="0" total="6" passed="6" failed="0" skipped="0">
  <reporter-output>
  </reporter-output>
  <suite started-at="2026-05-17T11:44:47 IST" name="Kristalball Full Test Suite" finished-at="2026-05-17T11:47:14 IST" duration-ms="146709">
    <groups>
    </groups>
    <test started-at="2026-05-17T11:44:47 IST" name="All Functional Tests" finished-at="2026-05-17T11:47:14 IST" duration-ms="146709">
      <class name="tests.LoginTest">
        <test-method is-config="true" signature="setUp()[pri:0, instance:tests.LoginTest@4d1f1ff5]" started-at="2026-05-17T11:45:38 IST" name="setUp" finished-at="2026-05-17T11:45:40 IST" duration-ms="2217" status="PASS">
          <reporter-output>
          </reporter-output>
        </test-method> <!-- setUp -->
        <test-method is-config="true" signature="navigateToLoginPage()[pri:0, instance:tests.LoginTest@4d1f1ff5]" started-at="2026-05-17T11:45:40 IST" name="navigateToLoginPage" finished-at="2026-05-17T11:45:43 IST" duration-ms="2897" status="PASS">
          <reporter-output>
          </reporter-output>
        </test-method> <!-- navigateToLoginPage -->
        <test-method signature="verifyLoginWithEmailPassword()[pri:0, instance:tests.LoginTest@4d1f1ff5]" started-at="2026-05-17T11:45:43 IST" name="verifyLoginWithEmailPassword" finished-at="2026-05-17T11:45:46 IST" duration-ms="2565" status="PASS">
          <reporter-output>
          </reporter-output>
        </test-method> <!-- verifyLoginWithEmailPassword -->
        <test-method is-config="true" signature="tearDown()[pri:0, instance:tests.LoginTest@4d1f1ff5]" started-at="2026-05-17T11:45:46 IST" name="tearDown" finished-at="2026-05-17T11:45:47 IST" duration-ms="627" status="PASS">
          <reporter-output>
          </reporter-output>
        </test-method> <!-- tearDown -->
      </class> <!-- tests.LoginTest -->
      <class name="tests.LandingPageTest">
        <test-method is-config="true" signature="setUp()[pri:0, instance:tests.LandingPageTest@acdcf71]" started-at="2026-05-17T11:44:47 IST" name="setUp" finished-at="2026-05-17T11:44:53 IST" duration-ms="6149" status="PASS">
          <reporter-output>
          </reporter-output>
        </test-method> <!-- setUp -->
        <test-method is-config="true" signature="navigateToLandingPage()[pri:0, instance:tests.LandingPageTest@acdcf71]" started-at="2026-05-17T11:44:54 IST" name="navigateToLandingPage" finished-at="2026-05-17T11:44:55 IST" duration-ms="1287" status="PASS">
          <reporter-output>
          </reporter-output>
        </test-method> <!-- navigateToLandingPage -->
        <test-method signature="verifyLandingPageElements()[pri:0, instance:tests.LandingPageTest@acdcf71]" started-at="2026-05-17T11:44:55 IST" name="verifyLandingPageElements" finished-at="2026-05-17T11:45:00 IST" duration-ms="4393" status="PASS">
          <reporter-output>
          </reporter-output>
        </test-method> <!-- verifyLandingPageElements -->
        <test-method is-config="true" signature="tearDown()[pri:0, instance:tests.LandingPageTest@acdcf71]" started-at="2026-05-17T11:45:02 IST" name="tearDown" finished-at="2026-05-17T11:45:04 IST" duration-ms="1941" status="PASS">
          <reporter-output>
          </reporter-output>
        </test-method> <!-- tearDown -->
      </class> <!-- tests.LandingPageTest -->
      <class name="tests.FeedbackFormValidationTest">
        <test-method is-config="true" signature="setUp()[pri:0, instance:tests.FeedbackFormValidationTest@1de0a46c]" started-at="2026-05-17T11:45:27 IST" name="setUp" finished-at="2026-05-17T11:45:29 IST" duration-ms="1761" status="PASS">
          <reporter-output>
          </reporter-output>
        </test-method> <!-- setUp -->
        <test-method is-config="true" signature="navigateToFeedbackForm()[pri:0, instance:tests.FeedbackFormValidationTest@1de0a46c]" started-at="2026-05-17T11:45:29 IST" name="navigateToFeedbackForm" finished-at="2026-05-17T11:45:36 IST" duration-ms="6592" status="PASS">
          <reporter-output>
          </reporter-output>
        </test-method> <!-- navigateToFeedbackForm -->
        <test-method signature="verifyEmptyFormValidation()[pri:0, instance:tests.FeedbackFormValidationTest@1de0a46c]" started-at="2026-05-17T11:45:36 IST" name="verifyEmptyFormValidation" finished-at="2026-05-17T11:45:36 IST" duration-ms="194" status="PASS">
          <reporter-output>
          </reporter-output>
        </test-method> <!-- verifyEmptyFormValidation -->
        <test-method is-config="true" signature="tearDown()[pri:0, instance:tests.FeedbackFormValidationTest@1de0a46c]" started-at="2026-05-17T11:45:37 IST" name="tearDown" finished-at="2026-05-17T11:45:38 IST" duration-ms="1129" status="PASS">
          <reporter-output>
          </reporter-output>
        </test-method> <!-- tearDown -->
      </class> <!-- tests.FeedbackFormValidationTest -->
      <class name="tests.AgeVerificationTest">
        <test-method is-config="true" signature="setUp()[pri:0, instance:tests.AgeVerificationTest@6fd12c5]" started-at="2026-05-17T11:45:19 IST" name="setUp" finished-at="2026-05-17T11:45:22 IST" duration-ms="2699" status="PASS">
          <reporter-output>
          </reporter-output>
        </test-method> <!-- setUp -->
        <test-method is-config="true" signature="navigateToAuthPage()[pri:0, instance:tests.AgeVerificationTest@6fd12c5]" started-at="2026-05-17T11:45:22 IST" name="navigateToAuthPage" finished-at="2026-05-17T11:45:25 IST" duration-ms="3306" status="PASS">
          <reporter-output>
          </reporter-output>
        </test-method> <!-- navigateToAuthPage -->
        <test-method signature="verifyAgeVerificationFlow()[pri:0, instance:tests.AgeVerificationTest@6fd12c5]" started-at="2026-05-17T11:45:25 IST" name="verifyAgeVerificationFlow" finished-at="2026-05-17T11:45:26 IST" duration-ms="367" status="PASS">
          <reporter-output>
          </reporter-output>
        </test-method> <!-- verifyAgeVerificationFlow -->
        <test-method is-config="true" signature="tearDown()[pri:0, instance:tests.AgeVerificationTest@6fd12c5]" started-at="2026-05-17T11:45:27 IST" name="tearDown" finished-at="2026-05-17T11:45:27 IST" duration-ms="739" status="PASS">
          <reporter-output>
          </reporter-output>
        </test-method> <!-- tearDown -->
      </class> <!-- tests.AgeVerificationTest -->
      <class name="tests.CompleteNavigationTest">
        <test-method is-config="true" signature="setUp()[pri:0, instance:tests.CompleteNavigationTest@3e1a3801]" started-at="2026-05-17T11:45:04 IST" name="setUp" finished-at="2026-05-17T11:45:08 IST" duration-ms="3769" status="PASS">
          <reporter-output>
          </reporter-output>
        </test-method> <!-- setUp -->
        <test-method is-config="true" signature="navigateToLandingPage()[pri:0, instance:tests.CompleteNavigationTest@3e1a3801]" started-at="2026-05-17T11:45:08 IST" name="navigateToLandingPage" finished-at="2026-05-17T11:45:10 IST" duration-ms="1625" status="PASS">
          <reporter-output>
          </reporter-output>
        </test-method> <!-- navigateToLandingPage -->
        <test-method signature="testCompleteNavigationFlow()[pri:0, instance:tests.CompleteNavigationTest@3e1a3801]" started-at="2026-05-17T11:45:10 IST" name="testCompleteNavigationFlow" finished-at="2026-05-17T11:45:18 IST" duration-ms="8689" status="PASS">
          <reporter-output>
          </reporter-output>
        </test-method> <!-- testCompleteNavigationFlow -->
        <test-method is-config="true" signature="tearDown()[pri:0, instance:tests.CompleteNavigationTest@3e1a3801]" started-at="2026-05-17T11:45:19 IST" name="tearDown" finished-at="2026-05-17T11:45:19 IST" duration-ms="454" status="PASS">
          <reporter-output>
          </reporter-output>
        </test-method> <!-- tearDown -->
      </class> <!-- tests.CompleteNavigationTest -->
      <class name="tests.RegistrationTest">
        <test-method is-config="true" signature="setUp()[pri:0, instance:tests.RegistrationTest@222afc67]" started-at="2026-05-17T11:45:47 IST" name="setUp" finished-at="2026-05-17T11:45:49 IST" duration-ms="2040" status="PASS">
          <reporter-output>
          </reporter-output>
        </test-method> <!-- setUp -->
        <test-method is-config="true" signature="navigateToRegistrationPage()[pri:0, instance:tests.RegistrationTest@222afc67]" started-at="2026-05-17T11:45:49 IST" name="navigateToRegistrationPage" finished-at="2026-05-17T11:45:51 IST" duration-ms="2401" status="PASS">
          <reporter-output>
          </reporter-output>
        </test-method> <!-- navigateToRegistrationPage -->
        <test-method signature="verifyRegistrationFlow()[pri:0, instance:tests.RegistrationTest@222afc67]" started-at="2026-05-17T11:45:51 IST" name="verifyRegistrationFlow" finished-at="2026-05-17T11:47:13 IST" duration-ms="81064" status="PASS">
          <reporter-output>
          </reporter-output>
        </test-method> <!-- verifyRegistrationFlow -->
        <test-method is-config="true" signature="tearDown()[pri:0, instance:tests.RegistrationTest@222afc67]" started-at="2026-05-17T11:47:13 IST" name="tearDown" finished-at="2026-05-17T11:47:14 IST" duration-ms="465" status="PASS">
          <reporter-output>
          </reporter-output>
        </test-method> <!-- tearDown -->
      </class> <!-- tests.RegistrationTest -->
    </test> <!-- All Functional Tests -->
  </suite> <!-- Kristalball Full Test Suite -->
</testng-results>
