<?xml version="1.0" encoding="UTF-8"?>
<testng-results ignored="0" total="6" passed="6" failed="0" skipped="0">
  <reporter-output>
  </reporter-output>
  <suite started-at="2026-05-20T01:08:25 IST" name="Kristalball Full Test Suite" finished-at="2026-05-20T01:10:42 IST" duration-ms="137844">
    <groups>
    </groups>
    <test started-at="2026-05-20T01:08:25 IST" name="All Functional Tests" finished-at="2026-05-20T01:10:42 IST" duration-ms="137844">
      <class name="tests.LoginTest">
        <test-method is-config="true" signature="setUp()[pri:0, instance:tests.LoginTest@2b8bb184]" started-at="2026-05-20T01:09:10 IST" name="setUp" finished-at="2026-05-20T01:09:12 IST" duration-ms="1841" status="PASS">
          <reporter-output>
          </reporter-output>
        </test-method> <!-- setUp -->
        <test-method is-config="true" signature="navigateToLoginPage()[pri:0, instance:tests.LoginTest@2b8bb184]" started-at="2026-05-20T01:09:12 IST" name="navigateToLoginPage" finished-at="2026-05-20T01:09:13 IST" duration-ms="1424" status="PASS">
          <reporter-output>
          </reporter-output>
        </test-method> <!-- navigateToLoginPage -->
        <test-method signature="verifyLoginWithEmailPassword()[pri:0, instance:tests.LoginTest@2b8bb184]" started-at="2026-05-20T01:09:13 IST" name="verifyLoginWithEmailPassword" finished-at="2026-05-20T01:09:15 IST" duration-ms="1594" status="PASS">
          <reporter-output>
          </reporter-output>
        </test-method> <!-- verifyLoginWithEmailPassword -->
        <test-method is-config="true" signature="tearDown()[pri:0, instance:tests.LoginTest@2b8bb184]" started-at="2026-05-20T01:09:15 IST" name="tearDown" finished-at="2026-05-20T01:09:16 IST" duration-ms="619" status="PASS">
          <reporter-output>
          </reporter-output>
        </test-method> <!-- tearDown -->
      </class> <!-- tests.LoginTest -->
      <class name="tests.LandingPageTest">
        <test-method is-config="true" signature="setUp()[pri:0, instance:tests.LandingPageTest@476ee5b3]" started-at="2026-05-20T01:08:25 IST" name="setUp" finished-at="2026-05-20T01:08:29 IST" duration-ms="4122" status="PASS">
          <reporter-output>
          </reporter-output>
        </test-method> <!-- setUp -->
        <test-method is-config="true" signature="navigateToLandingPage()[pri:0, instance:tests.LandingPageTest@476ee5b3]" started-at="2026-05-20T01:08:29 IST" name="navigateToLandingPage" finished-at="2026-05-20T01:08:30 IST" duration-ms="702" status="PASS">
          <reporter-output>
          </reporter-output>
        </test-method> <!-- navigateToLandingPage -->
        <test-method signature="verifyLandingPageElements()[pri:0, instance:tests.LandingPageTest@476ee5b3]" started-at="2026-05-20T01:08:30 IST" name="verifyLandingPageElements" finished-at="2026-05-20T01:08:31 IST" duration-ms="1435" status="PASS">
          <reporter-output>
          </reporter-output>
        </test-method> <!-- verifyLandingPageElements -->
        <test-method is-config="true" signature="tearDown()[pri:0, instance:tests.LandingPageTest@476ee5b3]" started-at="2026-05-20T01:08:33 IST" name="tearDown" finished-at="2026-05-20T01:08:34 IST" duration-ms="1462" status="PASS">
          <reporter-output>
          </reporter-output>
        </test-method> <!-- tearDown -->
      </class> <!-- tests.LandingPageTest -->
      <class name="tests.FeedbackFormValidationTest">
        <test-method is-config="true" signature="setUp()[pri:0, instance:tests.FeedbackFormValidationTest@36417a54]" started-at="2026-05-20T01:08:58 IST" name="setUp" finished-at="2026-05-20T01:09:01 IST" duration-ms="2779" status="PASS">
          <reporter-output>
          </reporter-output>
        </test-method> <!-- setUp -->
        <test-method is-config="true" signature="navigateToFeedbackForm()[pri:0, instance:tests.FeedbackFormValidationTest@36417a54]" started-at="2026-05-20T01:09:01 IST" name="navigateToFeedbackForm" finished-at="2026-05-20T01:09:09 IST" duration-ms="7417" status="PASS">
          <reporter-output>
          </reporter-output>
        </test-method> <!-- navigateToFeedbackForm -->
        <test-method signature="verifyEmptyFormValidation()[pri:0, instance:tests.FeedbackFormValidationTest@36417a54]" started-at="2026-05-20T01:09:09 IST" name="verifyEmptyFormValidation" finished-at="2026-05-20T01:09:09 IST" duration-ms="170" status="PASS">
          <reporter-output>
          </reporter-output>
        </test-method> <!-- verifyEmptyFormValidation -->
        <test-method is-config="true" signature="tearDown()[pri:0, instance:tests.FeedbackFormValidationTest@36417a54]" started-at="2026-05-20T01:09:10 IST" name="tearDown" finished-at="2026-05-20T01:09:10 IST" duration-ms="380" status="PASS">
          <reporter-output>
          </reporter-output>
        </test-method> <!-- tearDown -->
      </class> <!-- tests.FeedbackFormValidationTest -->
      <class name="tests.AgeVerificationTest">
        <test-method is-config="true" signature="setUp()[pri:0, instance:tests.AgeVerificationTest@67c5ac52]" started-at="2026-05-20T01:08:52 IST" name="setUp" finished-at="2026-05-20T01:08:54 IST" duration-ms="2577" status="PASS">
          <reporter-output>
          </reporter-output>
        </test-method> <!-- setUp -->
        <test-method is-config="true" signature="navigateToAuthPage()[pri:0, instance:tests.AgeVerificationTest@67c5ac52]" started-at="2026-05-20T01:08:54 IST" name="navigateToAuthPage" finished-at="2026-05-20T01:08:57 IST" duration-ms="2834" status="PASS">
          <reporter-output>
          </reporter-output>
        </test-method> <!-- navigateToAuthPage -->
        <test-method signature="verifyAgeVerificationFlow()[pri:0, instance:tests.AgeVerificationTest@67c5ac52]" started-at="2026-05-20T01:08:57 IST" name="verifyAgeVerificationFlow" finished-at="2026-05-20T01:08:57 IST" duration-ms="251" status="PASS">
          <reporter-output>
          </reporter-output>
        </test-method> <!-- verifyAgeVerificationFlow -->
        <test-method is-config="true" signature="tearDown()[pri:0, instance:tests.AgeVerificationTest@67c5ac52]" started-at="2026-05-20T01:08:58 IST" name="tearDown" finished-at="2026-05-20T01:08:58 IST" duration-ms="312" status="PASS">
          <reporter-output>
          </reporter-output>
        </test-method> <!-- tearDown -->
      </class> <!-- tests.AgeVerificationTest -->
      <class name="tests.CompleteNavigationTest">
        <test-method is-config="true" signature="setUp()[pri:0, instance:tests.CompleteNavigationTest@fcc6023]" started-at="2026-05-20T01:08:34 IST" name="setUp" finished-at="2026-05-20T01:08:37 IST" duration-ms="2101" status="PASS">
          <reporter-output>
          </reporter-output>
        </test-method> <!-- setUp -->
        <test-method is-config="true" signature="navigateToLandingPage()[pri:0, instance:tests.CompleteNavigationTest@fcc6023]" started-at="2026-05-20T01:08:37 IST" name="navigateToLandingPage" finished-at="2026-05-20T01:08:37 IST" duration-ms="911" status="PASS">
          <reporter-output>
          </reporter-output>
        </test-method> <!-- navigateToLandingPage -->
        <test-method signature="testCompleteNavigationFlow()[pri:0, instance:tests.CompleteNavigationTest@fcc6023]" started-at="2026-05-20T01:08:37 IST" name="testCompleteNavigationFlow" finished-at="2026-05-20T01:08:48 IST" duration-ms="10761" status="PASS">
          <reporter-output>
          </reporter-output>
        </test-method> <!-- testCompleteNavigationFlow -->
        <test-method is-config="true" signature="tearDown()[pri:0, instance:tests.CompleteNavigationTest@fcc6023]" started-at="2026-05-20T01:08:49 IST" name="tearDown" finished-at="2026-05-20T01:08:52 IST" duration-ms="2928" status="PASS">
          <reporter-output>
          </reporter-output>
        </test-method> <!-- tearDown -->
      </class> <!-- tests.CompleteNavigationTest -->
      <class name="tests.RegistrationTest">
        <test-method is-config="true" signature="setUp()[pri:0, instance:tests.RegistrationTest@472a11ae]" started-at="2026-05-20T01:09:16 IST" name="setUp" finished-at="2026-05-20T01:09:18 IST" duration-ms="2313" status="PASS">
          <reporter-output>
          </reporter-output>
        </test-method> <!-- setUp -->
        <test-method is-config="true" signature="navigateToRegistrationPage()[pri:0, instance:tests.RegistrationTest@472a11ae]" started-at="2026-05-20T01:09:18 IST" name="navigateToRegistrationPage" finished-at="2026-05-20T01:09:20 IST" duration-ms="1672" status="PASS">
          <reporter-output>
          </reporter-output>
        </test-method> <!-- navigateToRegistrationPage -->
        <test-method signature="verifyRegistrationFlow()[pri:0, instance:tests.RegistrationTest@472a11ae]" started-at="2026-05-20T01:09:20 IST" name="verifyRegistrationFlow" finished-at="2026-05-20T01:10:41 IST" duration-ms="81103" status="PASS">
          <reporter-output>
          </reporter-output>
        </test-method> <!-- verifyRegistrationFlow -->
        <test-method is-config="true" signature="tearDown()[pri:0, instance:tests.RegistrationTest@472a11ae]" started-at="2026-05-20T01:10:42 IST" name="tearDown" finished-at="2026-05-20T01:10:42 IST" duration-ms="355" status="PASS">
          <reporter-output>
          </reporter-output>
        </test-method> <!-- tearDown -->
      </class> <!-- tests.RegistrationTest -->
    </test> <!-- All Functional Tests -->
  </suite> <!-- Kristalball Full Test Suite -->
</testng-results>
