<?xml version="1.0" encoding="UTF-8"?>
<!-- Generated by org.testng.reporters.JUnitXMLReporter -->
<testsuite ignored="0" hostname="DESKTOP-S7QM942" failures="0" tests="6" name="All Functional Tests" time="137.844" errors="0" timestamp="2026-05-20T01:10:42 IST">
  <testcase classname="tests.LandingPageTest" name="verifyLandingPageElements" time="1.435"/>
  <testcase classname="tests.CompleteNavigationTest" name="testCompleteNavigationFlow" time="10.761"/>
  <testcase classname="tests.AgeVerificationTest" name="verifyAgeVerificationFlow" time="0.251"/>
  <testcase classname="tests.FeedbackFormValidationTest" name="verifyEmptyFormValidation" time="0.17"/>
  <testcase classname="tests.LoginTest" name="verifyLoginWithEmailPassword" time="1.594"/>
  <testcase classname="tests.RegistrationTest" name="verifyRegistrationFlow" time="81.103"/>
</testsuite> <!-- All Functional Tests -->
