<?xml version="1.0" encoding="UTF-8"?>
<!-- Generated by org.testng.reporters.JUnitXMLReporter -->
<testsuite ignored="0" hostname="DESKTOP-S7QM942" failures="0" tests="6" name="All Functional Tests" time="146.709" errors="0" timestamp="2026-05-17T11:47:14 IST">
  <testcase classname="tests.LandingPageTest" name="verifyLandingPageElements" time="4.393"/>
  <testcase classname="tests.CompleteNavigationTest" name="testCompleteNavigationFlow" time="8.689"/>
  <testcase classname="tests.AgeVerificationTest" name="verifyAgeVerificationFlow" time="0.367"/>
  <testcase classname="tests.FeedbackFormValidationTest" name="verifyEmptyFormValidation" time="0.194"/>
  <testcase classname="tests.LoginTest" name="verifyLoginWithEmailPassword" time="2.565"/>
  <testcase classname="tests.RegistrationTest" name="verifyRegistrationFlow" time="81.064"/>
</testsuite> <!-- All Functional Tests -->
